# JRE version: OpenJDK Runtime Environment Temurin-21.0.10+7 (21.0.10+7) (build 21.0.10+7-LTS)
# Java VM: OpenJDK 64-Bit Server VM Temurin-21.0.10+7 (21.0.10+7-LTS, mixed mode, sharing, tiered, compressed oops, compressed class ptrs, parallel gc, windows-amd64)
GC Precious Log:
 CardTable entry size: 512
 CPUs: 8 total, 8 available
 Memory: 15647M
 Large Page Support: Disabled
 NUMA Support: Disabled
 Compressed Oops: Enabled (32-bit)
 Alignments: Space 512K, Generation 512K, Heap 2M
 Heap Min Capacity: 100M
 Heap Initial Capacity: 100M
 Heap Max Capacity: 2G
 Pre-touch: Disabled
 Parallel Workers: 8
Heap:
 PSYoungGen      total 3072K, used 831K [0x00000000d5580000, 0x00000000d5980000, 0x0000000100000000)
  eden space 2048K, 18% used [0x00000000d5580000,0x00000000d55dfed8,0x00000000d5780000)
  from space 1024K, 43% used [0x00000000d5880000,0x00000000d58f0000,0x00000000d5980000)
  to   space 1024K, 0% used [0x00000000d5780000,0x00000000d5780000,0x00000000d5880000)
 ParOldGen       total 640512K, used 486133K [0x0000000080000000, 0x00000000a7180000, 0x00000000d5580000)
  object space 640512K, 75% used [0x0000000080000000,0x000000009dabd4e0,0x00000000a7180000)
 Metaspace       used 79927K, committed 81536K, reserved 1179648K
  class space    used 7793K, committed 8576K, reserved 1048576K
GC Heap History (20 events):
Event: 6777.214 GC heap before
{Heap before GC invocations=2328 (full 5):
 PSYoungGen      total 2560K, used 2496K [0x00000000d5580000, 0x00000000d5980000, 0x0000000100000000)
  eden space 2048K, 100% used [0x00000000d5580000,0x00000000d5780000,0x00000000d5780000)
  from space 512K, 87% used [0x00000000d5900000,0x00000000d5970000,0x00000000d5980000)
  to   space 512K, 0% used [0x00000000d5880000,0x00000000d5880000,0x00000000d5900000)
 ParOldGen       total 640512K, used 480463K [0x0000000080000000, 0x00000000a7180000, 0x00000000d5580000)
  object space 640512K, 75% used [0x0000000080000000,0x000000009d533c50,0x00000000a7180000)
 Metaspace       used 79866K, committed 81536K, reserved 1179648K
  class space    used 7792K, committed 8576K, reserved 1048576K
}
Event: 6777.217 GC heap after
{Heap after GC invocations=2328 (full 5):
 PSYoungGen      total 2560K, used 416K [0x00000000d5580000, 0x00000000d5980000, 0x0000000100000000)
  eden space 2048K, 0% used [0x00000000d5580000,0x00000000d5580000,0x00000000d5780000)
  from space 512K, 81% used [0x00000000d5880000,0x00000000d58e8000,0x00000000d5900000)
  to   space 512K, 0% used [0x00000000d5900000,0x00000000d5900000,0x00000000d5980000)
 ParOldGen       total 640512K, used 480479K [0x0000000080000000, 0x00000000a7180000, 0x00000000d5580000)
  object space 640512K, 75% used [0x0000000080000000,0x000000009d537c50,0x00000000a7180000)
 Metaspace       used 79866K, committed 81536K, reserved 1179648K
  class space    used 7792K, committed 8576K, reserved 1048576K
}
Event: 6777.309 GC heap before
{Heap before GC invocations=2329 (full 5):
 PSYoungGen      total 2560K, used 2464K [0x00000000d5580000, 0x00000000d5980000, 0x0000000100000000)
  eden space 2048K, 100% used [0x00000000d5580000,0x00000000d5780000,0x00000000d5780000)
  from space 512K, 81% used [0x00000000d5880000,0x00000000d58e8000,0x00000000d5900000)
  to   space 512K, 0% used [0x00000000d5900000,0x00000000d5900000,0x00000000d5980000)
 ParOldGen       total 640512K, used 480479K [0x0000000080000000, 0x00000000a7180000, 0x00000000d5580000)
  object space 640512K, 75% used [0x0000000080000000,0x000000009d537c50,0x00000000a7180000)
 Metaspace       used 79866K, committed 81536K, reserved 1179648K
  class space    used 7792K, committed 8576K, reserved 1048576K
}
Event: 6777.313 GC heap after
{Heap after GC invocations=2329 (full 5):
 PSYoungGen      total 2560K, used 480K [0x00000000d5580000, 0x00000000d5a80000, 0x0000000100000000)
  eden space 2048K, 0% used [0x00000000d5580000,0x00000000d5580000,0x00000000d5780000)
  from space 512K, 93% used [0x00000000d5900000,0x00000000d5978010,0x00000000d5980000)
  to   space 1536K, 0% used [0x00000000d5780000,0x00000000d5780000,0x00000000d5900000)
 ParOldGen       total 640512K, used 481008K [0x0000000080000000, 0x00000000a7180000, 0x00000000d5580000)
  object space 640512K, 75% used [0x0000000080000000,0x000000009d5bc380,0x00000000a7180000)
 Metaspace       used 79866K, committed 81536K, reserved 1179648K
  class space    used 7792K, committed 8576K, reserved 1048576K
}
Event: 6777.395 GC heap before
{Heap before GC invocations=2330 (full 5):
 PSYoungGen      total 2560K, used 2528K [0x00000000d5580000, 0x00000000d5a80000, 0x0000000100000000)
  eden space 2048K, 100% used [0x00000000d5580000,0x00000000d5780000,0x00000000d5780000)
  from space 512K, 93% used [0x00000000d5900000,0x00000000d5978010,0x00000000d5980000)
  to   space 1536K, 0% used [0x00000000d5780000,0x00000000d5780000,0x00000000d5900000)
 ParOldGen       total 640512K, used 481008K [0x0000000080000000, 0x00000000a7180000, 0x00000000d5580000)
  object space 640512K, 75% used [0x0000000080000000,0x000000009d5bc380,0x00000000a7180000)
 Metaspace       used 79871K, committed 81536K, reserved 1179648K
  class space    used 7792K, committed 8576K, reserved 1048576K
}
Event: 6777.400 GC heap after
{Heap after GC invocations=2330 (full 5):
 PSYoungGen      total 3072K, used 768K [0x00000000d5580000, 0x00000000d5980000, 0x0000000100000000)
  eden space 2048K, 0% used [0x00000000d5580000,0x00000000d5580000,0x00000000d5780000)
  from space 1024K, 75% used [0x00000000d5780000,0x00000000d5840000,0x00000000d5880000)
  to   space 1024K, 0% used [0x00000000d5880000,0x00000000d5880000,0x00000000d5980000)
 ParOldGen       total 640512K, used 481550K [0x0000000080000000, 0x00000000a7180000, 0x00000000d5580000)
  object space 640512K, 75% used [0x0000000080000000,0x000000009d643930,0x00000000a7180000)
 Metaspace       used 79871K, committed 81536K, reserved 1179648K
  class space    used 7792K, committed 8576K, reserved 1048576K
}
Event: 6777.447 GC heap before
{Heap before GC invocations=2331 (full 5):
 PSYoungGen      total 3072K, used 2816K [0x00000000d5580000, 0x00000000d5980000, 0x0000000100000000)
  eden space 2048K, 100% used [0x00000000d5580000,0x00000000d5780000,0x00000000d5780000)
  from space 1024K, 75% used [0x00000000d5780000,0x00000000d5840000,0x00000000d5880000)
  to   space 1024K, 0% used [0x00000000d5880000,0x00000000d5880000,0x00000000d5980000)
 ParOldGen       total 640512K, used 481550K [0x0000000080000000, 0x00000000a7180000, 0x00000000d5580000)
  object space 640512K, 75% used [0x0000000080000000,0x000000009d643930,0x00000000a7180000)
 Metaspace       used 79880K, committed 81536K, reserved 1179648K
  class space    used 7792K, committed 8576K, reserved 1048576K
}
Event: 6777.453 GC heap after
{Heap after GC invocations=2331 (full 5):
 PSYoungGen      total 3072K, used 791K [0x00000000d5580000, 0x00000000d5980000, 0x0000000100000000)
  eden space 2048K, 0% used [0x00000000d5580000,0x00000000d5580000,0x00000000d5780000)
  from space 1024K, 77% used [0x00000000d5880000,0x00000000d5945f20,0x00000000d5980000)
  to   space 1024K, 0% used [0x00000000d5780000,0x00000000d5780000,0x00000000d5880000)
 ParOldGen       total 640512K, used 482227K [0x0000000080000000, 0x00000000a7180000, 0x00000000d5580000)
  object space 640512K, 75% used [0x0000000080000000,0x000000009d6ecf30,0x00000000a7180000)
 Metaspace       used 79880K, committed 81536K, reserved 1179648K
  class space    used 7792K, committed 8576K, reserved 1048576K
}
Event: 6777.594 GC heap before
{Heap before GC invocations=2332 (full 5):
 PSYoungGen      total 3072K, used 2839K [0x00000000d5580000, 0x00000000d5980000, 0x0000000100000000)
  eden space 2048K, 100% used [0x00000000d5580000,0x00000000d5780000,0x00000000d5780000)
  from space 1024K, 77% used [0x00000000d5880000,0x00000000d5945f20,0x00000000d5980000)
  to   space 1024K, 0% used [0x00000000d5780000,0x00000000d5780000,0x00000000d5880000)
 ParOldGen       total 640512K, used 482227K [0x0000000080000000, 0x00000000a7180000, 0x00000000d5580000)
  object space 640512K, 75% used [0x0000000080000000,0x000000009d6ecf30,0x00000000a7180000)
 Metaspace       used 79884K, committed 81536K, reserved 1179648K
  class space    used 7793K, committed 8576K, reserved 1048576K
}
Event: 6777.600 GC heap after
{Heap after GC invocations=2332 (full 5):
 PSYoungGen      total 3072K, used 512K [0x00000000d5580000, 0x00000000d5980000, 0x0000000100000000)
  eden space 2048K, 0% used [0x00000000d5580000,0x00000000d5580000,0x00000000d5780000)
  from space 1024K, 50% used [0x00000000d5780000,0x00000000d5800000,0x00000000d5880000)
  to   space 1024K, 0% used [0x00000000d5880000,0x00000000d5880000,0x00000000d5980000)
 ParOldGen       total 640512K, used 483027K [0x0000000080000000, 0x00000000a7180000, 0x00000000d5580000)
  object space 640512K, 75% used [0x0000000080000000,0x000000009d7b4c78,0x00000000a7180000)
 Metaspace       used 79884K, committed 81536K, reserved 1179648K
  class space    used 7793K, committed 8576K, reserved 1048576K
}
Event: 6777.613 GC heap before
{Heap before GC invocations=2333 (full 5):
 PSYoungGen      total 3072K, used 2560K [0x00000000d5580000, 0x00000000d5980000, 0x0000000100000000)
  eden space 2048K, 100% used [0x00000000d5580000,0x00000000d5780000,0x00000000d5780000)
  from space 1024K, 50% used [0x00000000d5780000,0x00000000d5800000,0x00000000d5880000)
  to   space 1024K, 0% used [0x00000000d5880000,0x00000000d5880000,0x00000000d5980000)
 ParOldGen       total 640512K, used 483027K [0x0000000080000000, 0x00000000a7180000, 0x00000000d5580000)
  object space 640512K, 75% used [0x0000000080000000,0x000000009d7b4c78,0x00000000a7180000)
 Metaspace       used 79884K, committed 81536K, reserved 1179648K
  class space    used 7793K, committed 8576K, reserved 1048576K
}
Event: 6777.618 GC heap after
{Heap after GC invocations=2333 (full 5):
 PSYoungGen      total 3072K, used 768K [0x00000000d5580000, 0x00000000d5980000, 0x0000000100000000)
  eden space 2048K, 0% used [0x00000000d5580000,0x00000000d5580000,0x00000000d5780000)
  from space 1024K, 75% used [0x00000000d5880000,0x00000000d5940000,0x00000000d5980000)
  to   space 1024K, 0% used [0x00000000d5780000,0x00000000d5780000,0x00000000d5880000)
 ParOldGen       total 640512K, used 483375K [0x0000000080000000, 0x00000000a7180000, 0x00000000d5580000)
  object space 640512K, 75% used [0x0000000080000000,0x000000009d80bda0,0x00000000a7180000)
 Metaspace       used 79884K, committed 81536K, reserved 1179648K
  class space    used 7793K, committed 8576K, reserved 1048576K
}
Event: 6777.657 GC heap before
{Heap before GC invocations=2334 (full 5):
 PSYoungGen      total 3072K, used 2816K [0x00000000d5580000, 0x00000000d5980000, 0x0000000100000000)
  eden space 2048K, 100% used [0x00000000d5580000,0x00000000d5780000,0x00000000d5780000)
  from space 1024K, 75% used [0x00000000d5880000,0x00000000d5940000,0x00000000d5980000)
  to   space 1024K, 0% used [0x00000000d5780000,0x00000000d5780000,0x00000000d5880000)
 ParOldGen       total 640512K, used 483375K [0x0000000080000000, 0x00000000a7180000, 0x00000000d5580000)
  object space 640512K, 75% used [0x0000000080000000,0x000000009d80bda0,0x00000000a7180000)
 Metaspace       used 79886K, committed 81536K, reserved 1179648K
  class space    used 7793K, committed 8576K, reserved 1048576K
}
Event: 6777.672 GC heap after
{Heap after GC invocations=2334 (full 5):
 PSYoungGen      total 3072K, used 809K [0x00000000d5580000, 0x00000000d5980000, 0x0000000100000000)
  eden space 2048K, 0% used [0x00000000d5580000,0x00000000d5580000,0x00000000d5780000)
  from space 1024K, 79% used [0x00000000d5780000,0x00000000d584a558,0x00000000d5880000)
  to   space 1024K, 0% used [0x00000000d5880000,0x00000000d5880000,0x00000000d5980000)
 ParOldGen       total 640512K, used 484103K [0x0000000080000000, 0x00000000a7180000, 0x00000000d5580000)
  object space 640512K, 75% used [0x0000000080000000,0x000000009d8c1db0,0x00000000a7180000)
 Metaspace       used 79886K, committed 81536K, reserved 1179648K
  class space    used 7793K, committed 8576K, reserved 1048576K
}
Event: 6777.704 GC heap before
{Heap before GC invocations=2335 (full 5):
 PSYoungGen      total 3072K, used 2857K [0x00000000d5580000, 0x00000000d5980000, 0x0000000100000000)
  eden space 2048K, 100% used [0x00000000d5580000,0x00000000d5780000,0x00000000d5780000)
  from space 1024K, 79% used [0x00000000d5780000,0x00000000d584a558,0x00000000d5880000)
  to   space 1024K, 0% used [0x00000000d5880000,0x00000000d5880000,0x00000000d5980000)
 ParOldGen       total 640512K, used 484103K [0x0000000080000000, 0x00000000a7180000, 0x00000000d5580000)
  object space 640512K, 75% used [0x0000000080000000,0x000000009d8c1db0,0x00000000a7180000)
 Metaspace       used 79886K, committed 81536K, reserved 1179648K
  class space    used 7793K, committed 8576K, reserved 1048576K
}
Event: 6777.712 GC heap after
{Heap after GC invocations=2335 (full 5):
 PSYoungGen      total 3072K, used 560K [0x00000000d5580000, 0x00000000d5980000, 0x0000000100000000)
  eden space 2048K, 0% used [0x00000000d5580000,0x00000000d5580000,0x00000000d5780000)
  from space 1024K, 54% used [0x00000000d5880000,0x00000000d590c010,0x00000000d5980000)
  to   space 1024K, 0% used [0x00000000d5780000,0x00000000d5780000,0x00000000d5880000)
 ParOldGen       total 640512K, used 484883K [0x0000000080000000, 0x00000000a7180000, 0x00000000d5580000)
  object space 640512K, 75% used [0x0000000080000000,0x000000009d984ee0,0x00000000a7180000)
 Metaspace       used 79886K, committed 81536K, reserved 1179648K
  class space    used 7793K, committed 8576K, reserved 1048576K
}
Event: 6777.732 GC heap before
{Heap before GC invocations=2336 (full 5):
 PSYoungGen      total 3072K, used 2608K [0x00000000d5580000, 0x00000000d5980000, 0x0000000100000000)
  eden space 2048K, 100% used [0x00000000d5580000,0x00000000d5780000,0x00000000d5780000)
  from space 1024K, 54% used [0x00000000d5880000,0x00000000d590c010,0x00000000d5980000)
  to   space 1024K, 0% used [0x00000000d5780000,0x00000000d5780000,0x00000000d5880000)
 ParOldGen       total 640512K, used 484883K [0x0000000080000000, 0x00000000a7180000, 0x00000000d5580000)
  object space 640512K, 75% used [0x0000000080000000,0x000000009d984ee0,0x00000000a7180000)
 Metaspace       used 79886K, committed 81536K, reserved 1179648K
  class space    used 7793K, committed 8576K, reserved 1048576K
}
Event: 6777.738 GC heap after
{Heap after GC invocations=2336 (full 5):
 PSYoungGen      total 3072K, used 896K [0x00000000d5580000, 0x00000000d5980000, 0x0000000100000000)
  eden space 2048K, 0% used [0x00000000d5580000,0x00000000d5580000,0x00000000d5780000)
  from space 1024K, 87% used [0x00000000d5780000,0x00000000d5860000,0x00000000d5880000)
  to   space 1024K, 0% used [0x00000000d5880000,0x00000000d5880000,0x00000000d5980000)
 ParOldGen       total 640512K, used 485376K [0x0000000080000000, 0x00000000a7180000, 0x00000000d5580000)
  object space 640512K, 75% used [0x0000000080000000,0x000000009da00250,0x00000000a7180000)
 Metaspace       used 79886K, committed 81536K, reserved 1179648K
  class space    used 7793K, committed 8576K, reserved 1048576K
}
Event: 7069.980 GC heap before
{Heap before GC invocations=2337 (full 5):
 PSYoungGen      total 3072K, used 2944K [0x00000000d5580000, 0x00000000d5980000, 0x0000000100000000)
  eden space 2048K, 100% used [0x00000000d5580000,0x00000000d5780000,0x00000000d5780000)
  from space 1024K, 87% used [0x00000000d5780000,0x00000000d5860000,0x00000000d5880000)
  to   space 1024K, 0% used [0x00000000d5880000,0x00000000d5880000,0x00000000d5980000)
 ParOldGen       total 640512K, used 485376K [0x0000000080000000, 0x00000000a7180000, 0x00000000d5580000)
  object space 640512K, 75% used [0x0000000080000000,0x000000009da00250,0x00000000a7180000)
 Metaspace       used 79898K, committed 81536K, reserved 1179648K
  class space    used 7793K, committed 8576K, reserved 1048576K
}
Event: 7070.025 GC heap after
{Heap after GC invocations=2337 (full 5):
 PSYoungGen      total 3072K, used 448K [0x00000000d5580000, 0x00000000d5980000, 0x0000000100000000)
  eden space 2048K, 0% used [0x00000000d5580000,0x00000000d5580000,0x00000000d5780000)
  from space 1024K, 43% used [0x00000000d5880000,0x00000000d58f0000,0x00000000d5980000)
  to   space 1024K, 0% used [0x00000000d5780000,0x00000000d5780000,0x00000000d5880000)
 ParOldGen       total 640512K, used 486133K [0x0000000080000000, 0x00000000a7180000, 0x00000000d5580000)
  object space 640512K, 75% used [0x0000000080000000,0x000000009dabd4e0,0x00000000a7180000)
 Metaspace       used 79898K, committed 81536K, reserved 1179648K
  class space    used 7793K, committed 8576K, reserved 1048576K
}

